<?xml version="1.0" encoding="UTF-8"?>
<testng-results ignored="0" total="1" passed="1" failed="0" skipped="0">
  <reporter-output>
    <line>
      <![CDATA[DB connection sucessfully start]]>
    </line>
    <line>
      <![CDATA[Pre-condition]]>
    </line>
    <line>
      <![CDATA[Browser open and url loaded sucessfully ]]>
    </line>
    <line>
      <![CDATA[user login sucessfully]]>
    </line>
    <line>
      <![CDATA[user logout sucessfully]]>
    </line>
    <line>
      <![CDATA[browser closed]]>
    </line>
    <line>
      <![CDATA[Post-condition]]>
    </line>
    <line>
      <![CDATA[DB closed sucessfully]]>
    </line>
  </reporter-output>
  <suite started-at="2025-12-05T17:00:52 IST" name="Default suite" finished-at="2025-12-05T17:01:13 IST" duration-ms="21176">
    <groups>
    </groups>
    <test started-at="2025-12-05T17:00:52 IST" name="Default test" finished-at="2025-12-05T17:01:13 IST" duration-ms="21176">
      <class name="tests.productToggle">
        <test-method is-config="true" signature="configBS()[pri:0, instance:tests.productToggle@3c41ed1d]" started-at="2025-12-05T17:00:52 IST" name="configBS" finished-at="2025-12-05T17:00:52 IST" duration-ms="21" status="PASS">
          <reporter-output>
            <line>
              <![CDATA[DB connection sucessfully start]]>
            </line>
          </reporter-output>
        </test-method> <!-- configBS -->
        <test-method is-config="true" signature="configBT()[pri:0, instance:tests.productToggle@3c41ed1d]" started-at="2025-12-05T17:00:52 IST" name="configBT" finished-at="2025-12-05T17:00:52 IST" duration-ms="3" status="PASS">
          <reporter-output>
            <line>
              <![CDATA[Pre-condition]]>
            </line>
          </reporter-output>
        </test-method> <!-- configBT -->
        <test-method is-config="true" signature="configBC()[pri:0, instance:tests.productToggle@3c41ed1d]" started-at="2025-12-05T17:00:52 IST" name="configBC" finished-at="2025-12-05T17:01:00 IST" duration-ms="8128" status="PASS">
          <reporter-output>
            <line>
              <![CDATA[Browser open and url loaded sucessfully ]]>
            </line>
          </reporter-output>
        </test-method> <!-- configBC -->
        <test-method is-config="true" signature="configBM()[pri:0, instance:tests.productToggle@3c41ed1d]" started-at="2025-12-05T17:01:00 IST" name="configBM" finished-at="2025-12-05T17:01:00 IST" duration-ms="1" status="PASS">
          <reporter-output>
            <line>
              <![CDATA[user login sucessfully]]>
            </line>
          </reporter-output>
        </test-method> <!-- configBM -->
        <test-method signature="toggle()[pri:0, instance:tests.productToggle@3c41ed1d]" started-at="2025-12-05T17:01:00 IST" name="toggle" finished-at="2025-12-05T17:01:12 IST" duration-ms="12611" status="PASS">
          <reporter-output>
          </reporter-output>
        </test-method> <!-- toggle -->
        <test-method is-config="true" signature="configAM()[pri:0, instance:tests.productToggle@3c41ed1d]" started-at="2025-12-05T17:01:12 IST" name="configAM" finished-at="2025-12-05T17:01:12 IST" duration-ms="1" status="PASS">
          <reporter-output>
            <line>
              <![CDATA[user logout sucessfully]]>
            </line>
          </reporter-output>
        </test-method> <!-- configAM -->
        <test-method is-config="true" signature="configAC()[pri:0, instance:tests.productToggle@3c41ed1d]" started-at="2025-12-05T17:01:12 IST" name="configAC" finished-at="2025-12-05T17:01:13 IST" duration-ms="358" status="PASS">
          <reporter-output>
            <line>
              <![CDATA[browser closed]]>
            </line>
          </reporter-output>
        </test-method> <!-- configAC -->
        <test-method is-config="true" signature="configAT()[pri:0, instance:tests.productToggle@3c41ed1d]" started-at="2025-12-05T17:01:13 IST" name="configAT" finished-at="2025-12-05T17:01:13 IST" duration-ms="0" status="PASS">
          <reporter-output>
            <line>
              <![CDATA[Post-condition]]>
            </line>
          </reporter-output>
        </test-method> <!-- configAT -->
        <test-method is-config="true" signature="configAS()[pri:0, instance:tests.productToggle@3c41ed1d]" started-at="2025-12-05T17:01:13 IST" name="configAS" finished-at="2025-12-05T17:01:13 IST" duration-ms="0" status="PASS">
          <reporter-output>
            <line>
              <![CDATA[DB closed sucessfully]]>
            </line>
          </reporter-output>
        </test-method> <!-- configAS -->
      </class> <!-- tests.productToggle -->
    </test> <!-- Default test -->
  </suite> <!-- Default suite -->
</testng-results>
